 ::1 -  [Fri, 24 Feb 2023 04:27:49 GMT] "POST /user/login HTTP/1.1" [200] 201 - "-"[ 340.824 ]
 ::1 -  [Fri, 24 Feb 2023 04:28:44 GMT] "POST /user/login HTTP/1.1" [200] 201 - "-"[ 247.495 ]
 ::1 -  [Fri, 24 Feb 2023 04:30:03 GMT] "POST /user/signin HTTP/1.1" [200] 195 - "-"[ 187.823 ]
 ::1 -  [Fri, 24 Feb 2023 04:30:22 GMT] "GET /admin/getalluser HTTP/1.1" [404] 155 - "-"[ 2.991 ]
 ::1 -  [Fri, 24 Feb 2023 04:30:37 GMT] "GET /user/admin/getalluser HTTP/1.1" [404] 160 - "-"[ 1.429 ]
 ::1 -  [Fri, 24 Feb 2023 04:30:53 GMT] "GET /user/admin/getallusers HTTP/1.1" [400] 20 - "-"[ 1.188 ]
 ::1 -  [Fri, 24 Feb 2023 04:31:20 GMT] "POST /user/signin HTTP/1.1" [200] 195 - "-"[ 197.354 ]
 ::1 -  [Fri, 24 Feb 2023 04:31:56 GMT] "GET /user/admin/getallusers HTTP/1.1" [400] 20 - "-"[ 0.684 ]
 ::1 -  [Fri, 24 Feb 2023 04:32:29 GMT] "GET /todo/getallitems HTTP/1.1" [404] 155 - "-"[ 1.058 ]
 ::1 -  [Fri, 24 Feb 2023 04:32:57 GMT] "GET /todo/getalltask HTTP/1.1" [400] 20 - "-"[ 0.807 ]
 ::1 -  [Fri, 24 Feb 2023 04:33:34 GMT] "POST /user/signin HTTP/1.1" [200] 195 - "-"[ 254.415 ]
 ::1 -  [Fri, 24 Feb 2023 04:33:37 GMT] "GET /todo/getalltask HTTP/1.1" [200] 42 - "-"[ 95.734 ]
 ::1 -  [Fri, 24 Feb 2023 04:36:17 GMT] "POST /user/signin HTTP/1.1" [200] 194 - "-"[ 271.153 ]
 ::1 -  [Fri, 24 Feb 2023 04:36:20 GMT] "GET /user/admin/getallusers HTTP/1.1" [400] 16 - "-"[ 70.915 ]
 ::1 -  [Fri, 24 Feb 2023 04:42:14 GMT] "POST /user/signin HTTP/1.1" [200] 195 - "-"[ 256.567 ]
 ::1 -  [Fri, 24 Feb 2023 04:42:18 GMT] "GET /user/admin/getallusers HTTP/1.1" [200] 524 - "-"[ 157.302 ]
 ::1 -  [Fri, 24 Feb 2023 04:43:37 GMT] "GET /user/admin/getallusers HTTP/1.1" [200] 312 - "-"[ 189.998 ]
 ::1 -  [Fri, 24 Feb 2023 04:47:11 GMT] "POST /user/login HTTP/1.1" [200] 201 - "-"[ 604.838 ]
 ::1 -  [Fri, 24 Feb 2023 04:47:30 GMT] "POST /user/login HTTP/1.1" [200] 201 - "-"[ 258.508 ]
 ::1 -  [Fri, 24 Feb 2023 04:48:18 GMT] "POST /user/login HTTP/1.1" [200] 199 - "-"[ 254.399 ]
 ::1 -  [Fri, 24 Feb 2023 04:49:28 GMT] "POST /user/signin HTTP/1.1" [400] 38 - "-"[ 68.421 ]
 ::1 -  [Fri, 24 Feb 2023 04:50:04 GMT] "POST /user/signin HTTP/1.1" [400] 38 - "-"[ 42.931 ]
 ::1 -  [Fri, 24 Feb 2023 04:50:36 GMT] "POST /user/signin HTTP/1.1" [400] 38 - "-"[ 52.695 ]
 ::1 -  [Fri, 24 Feb 2023 04:51:42 GMT] "POST /user/signin HTTP/1.1" [400] 38 - "-"[ 137.694 ]
 ::1 -  [Fri, 24 Feb 2023 04:53:00 GMT] "POST /user/login HTTP/1.1" [400] 20 - "-"[ 103.648 ]
 ::1 -  [Fri, 24 Feb 2023 04:53:06 GMT] "POST /user/signin HTTP/1.1" [400] 38 - "-"[ 51.318 ]
 ::1 -  [Fri, 24 Feb 2023 04:53:19 GMT] "POST /user/signin HTTP/1.1" [400] 38 - "-"[ 51.136 ]
 ::1 -  [Fri, 24 Feb 2023 04:54:56 GMT] "POST /user/signin HTTP/1.1" [400] 38 - "-"[ 81.559 ]
 ::1 -  [Fri, 24 Feb 2023 04:55:55 GMT] "POST /user/signin HTTP/1.1" [400] 38 - "-"[ 85.921 ]
 ::1 -  [Fri, 24 Feb 2023 05:01:42 GMT] "POST /user/signin HTTP/1.1" [200] 271 - "-"[ 267.799 ]
 ::1 -  [Fri, 24 Feb 2023 05:03:01 GMT] "POST /user/signin HTTP/1.1" [200] 197 - "-"[ 260.996 ]
 ::1 -  [Fri, 24 Feb 2023 05:03:29 GMT] "GET /user/admin/getallusers HTTP/1.1" [400] 16 - "-"[ 51.030 ]
 ::1 -  [Fri, 24 Feb 2023 05:03:38 GMT] "POST /user/login HTTP/1.1" [400] 20 - "-"[ 48.746 ]
 ::1 -  [Fri, 24 Feb 2023 05:03:55 GMT] "POST /user/signin HTTP/1.1" [200] 193 - "-"[ 190.399 ]
 ::1 -  [Fri, 24 Feb 2023 05:04:00 GMT] "GET /user/admin/getallusers HTTP/1.1" [200] 238 - "-"[ 131.208 ]
 ::1 -  [Fri, 24 Feb 2023 05:09:42 GMT] "GET /user/admin/getallusers HTTP/1.1" [200] 241 - "-"[ 175.312 ]
 ::1 -  [Fri, 24 Feb 2023 05:12:33 GMT] "GET /user/admin/getallusers HTTP/1.1" [200] 241 - "-"[ 182.882 ]
 ::1 -  [Fri, 24 Feb 2023 05:18:28 GMT] "GET /user/admin/getallusers HTTP/1.1" [200] 378 - "-"[ 181.526 ]
 ::1 -  [Fri, 24 Feb 2023 05:18:50 GMT] "GET /user/mailverification HTTP/1.1" [200] 82 - "-"[ 5238.073 ]
 ::1 -  [Fri, 24 Feb 2023 05:20:02 GMT] "GET /user/verify/eyJhbGciOiJIUzI1NiIsInR5cCI6IkpXVCJ9.eyJpZCI6IjYzZjVlMTY4MjZiMDRmMzRhOWVjYjNiYSIsImlhdCI6MTY3NzA1ODg1MH0.u6NqtPRuK0ct6eDawhg7QHJGFbU3Uq53Gj-aEtSSSZ0 HTTP/1.1" [400] 21 - "-"[ 96.107 ]
 ::1 -  [Fri, 24 Feb 2023 05:20:35 GMT] "GET /user/verify/eyJhbGciOiJIUzI1NiIsInR5cCI6IkpXVCJ9.eyJpZCI6IjYzZjg0MTkxNDBmZjZmNDczOTlkNmU3YyIsImlhdCI6MTY3NzIxNTkyNSwiZXhwIjoxNjc3MjE5NTI1fQ.MU7VD6Z5fxxlmM2GMmd9ouOk76GndTFGImr3bAcETcw HTTP/1.1" [200] 45 - "-"[ 151.416 ]
 ::1 -  [Fri, 24 Feb 2023 05:20:43 GMT] "GET /user/admin/getallusers HTTP/1.1" [200] 378 - "-"[ 158.237 ]
 ::1 -  [Fri, 24 Feb 2023 05:20:56 GMT] "GET /user/admin/getallusers HTTP/1.1" [200] 378 - "-"[ 143.029 ]
 ::1 -  [Fri, 24 Feb 2023 05:21:58 GMT] "GET /user/admin/getallusers HTTP/1.1" [200] 376 - "-"[ 142.315 ]
 ::1 -  [Fri, 24 Feb 2023 05:36:36 GMT] "GET /user/admin/getallusers HTTP/1.1" [200] 376 - "-"[ 187.113 ]
 ::1 -  [Fri, 24 Feb 2023 05:38:36 GMT] "POST /user/admin/changerole HTTP/1.1" [400] 26 - "-"[ 87.033 ]
 ::1 -  [Fri, 24 Feb 2023 05:39:39 GMT] "POST /user/admin/changerole HTTP/1.1" [400] 158 - "-"[ 77.444 ]
 ::1 -  [Fri, 24 Feb 2023 05:40:06 GMT] "POST /user/admin/changerole HTTP/1.1" [200] 198 - "-"[ 162.720 ]
 ::1 -  [Fri, 24 Feb 2023 05:40:18 GMT] "GET /user/admin/getallusers HTTP/1.1" [200] 373 - "-"[ 152.202 ]
 ::1 -  [Fri, 24 Feb 2023 05:41:31 GMT] "POST /user/admin/changerole HTTP/1.1" [200] 200 - "-"[ 104.302 ]
 ::1 -  [Fri, 24 Feb 2023 05:41:38 GMT] "GET /user/admin/getallusers HTTP/1.1" [200] 376 - "-"[ 156.135 ]
 ::1 -  [Fri, 24 Feb 2023 07:15:55 GMT] "GET /user/admin/getallusers HTTP/1.1" [200] 376 - "-"[ 195.727 ]
 ::1 -  [Fri, 24 Feb 2023 07:33:10 GMT] "GET /user/admin/getallusers HTTP/1.1" [200] 376 - "-"[ 221.262 ]
 ::1 -  [Fri, 24 Feb 2023 07:33:43 GMT] "POST /todo/assigntask HTTP/1.1" [400] 16 - "-"[ 69.403 ]
 ::1 -  [Fri, 24 Feb 2023 07:33:56 GMT] "GET /user/admin/getallusers HTTP/1.1" [200] 376 - "-"[ 186.084 ]
 ::1 -  [Fri, 24 Feb 2023 07:34:09 GMT] "POST /user/signin HTTP/1.1" [200] 196 - "-"[ 285.782 ]
 ::1 -  [Fri, 24 Feb 2023 07:47:02 GMT] "POST /todo/assigntask HTTP/1.1" [200] 346 - "-"[ 137.142 ]
 ::1 -  [Fri, 24 Feb 2023 07:51:55 GMT] "POST /todo/assigntask HTTP/1.1" [200] 386 - "-"[ 111.128 ]
 ::1 -  [Fri, 24 Feb 2023 07:53:57 GMT] "POST /todo/assigntask HTTP/1.1" [200] 386 - "-"[ 119.512 ]
 ::1 -  [Fri, 24 Feb 2023 07:56:22 GMT] "POST /todo/assigntask HTTP/1.1" [200] 397 - "-"[ 205.875 ]
 ::1 -  [Fri, 24 Feb 2023 07:58:35 GMT] "POST /todo/assigntask HTTP/1.1" [200] 352 - "-"[ 142.551 ]
 ::1 -  [Fri, 24 Feb 2023 08:00:15 GMT] "POST /todo/assigntask HTTP/1.1" [200] 352 - "-"[ 169.847 ]
 ::1 -  [Fri, 24 Feb 2023 08:00:57 GMT] "POST /todo/assigntask HTTP/1.1" [200] 352 - "-"[ 132.789 ]
 ::1 -  [Fri, 24 Feb 2023 08:01:10 GMT] "POST /todo/assigntask HTTP/1.1" [200] 352 - "-"[ 73.104 ]
 ::1 -  [Fri, 24 Feb 2023 08:51:39 GMT] "POST /todo/assigntask HTTP/1.1" [200] 312 - "-"[ 138.183 ]
 ::1 -  [Fri, 24 Feb 2023 08:53:01 GMT] "POST /todo/assigntask HTTP/1.1" [200] 312 - "-"[ 206.077 ]
 ::1 -  [Fri, 24 Feb 2023 08:55:20 GMT] "POST /todo/assigntask HTTP/1.1" [400] 300 - "-"[ 151.496 ]
 ::1 -  [Fri, 24 Feb 2023 08:59:18 GMT] "POST /todo/assigntask HTTP/1.1" [400] 238 - "-"[ 127.096 ]
 ::1 -  [Fri, 24 Feb 2023 09:01:28 GMT] "POST /todo/assigntask HTTP/1.1" [400] 196 - "-"[ 110.683 ]
 ::1 -  [Fri, 24 Feb 2023 09:01:53 GMT] "POST /todo/assigntask HTTP/1.1" [400] 196 - "-"[ 174.343 ]
 ::1 -  [Fri, 24 Feb 2023 09:02:15 GMT] "POST /todo/assigntask HTTP/1.1" [400] 196 - "-"[ 625.097 ]
 ::1 -  [Fri, 24 Feb 2023 09:02:38 GMT] "POST /todo/assigntask HTTP/1.1" [400] 196 - "-"[ 140.446 ]
 ::1 -  [Fri, 24 Feb 2023 09:03:37 GMT] "POST /todo/assigntask HTTP/1.1" [200] 454 - "-"[ 227.519 ]
 ::1 -  [Fri, 24 Feb 2023 09:04:50 GMT] "POST /todo/assigntask HTTP/1.1" [200] 513 - "-"[ 240.452 ]
 ::1 -  [Fri, 24 Feb 2023 09:06:35 GMT] "POST /todo/assigntask HTTP/1.1" [400] 196 - "-"[ 125.303 ]
 ::1 -  [Fri, 24 Feb 2023 09:07:15 GMT] "POST /todo/assigntask HTTP/1.1" [200] 568 - "-"[ 215.821 ]
 ::1 -  [Fri, 24 Feb 2023 09:10:33 GMT] "POST /todo/assigntask HTTP/1.1" [400] 73 - "-"[ 255.387 ]
 ::1 -  [Fri, 24 Feb 2023 09:10:59 GMT] "POST /todo/assigntask HTTP/1.1" [400] 73 - "-"[ 137.774 ]
 ::1 -  [Fri, 24 Feb 2023 09:17:58 GMT] "POST /todo/assigntask HTTP/1.1" [400] 73 - "-"[ 132.258 ]
 ::1 -  [Fri, 24 Feb 2023 09:18:44 GMT] "POST /todo/assigntask HTTP/1.1" [400] 114 - "-"[ 237.688 ]
 ::1 -  [Fri, 24 Feb 2023 09:20:47 GMT] "POST /todo/assigntask HTTP/1.1" [400] 25 - "-"[ 107.716 ]
 ::1 -  [Fri, 24 Feb 2023 09:21:06 GMT] "POST /todo/assigntask HTTP/1.1" [400] 114 - "-"[ 195.963 ]
 ::1 -  [Fri, 24 Feb 2023 09:23:22 GMT] "POST /todo/assigntask HTTP/1.1" [400] 114 - "-"[ 161.104 ]
 ::1 -  [Fri, 24 Feb 2023 09:25:53 GMT] "POST /todo/assigntask HTTP/1.1" [200] 509 - "-"[ 341.206 ]
 ::1 -  [Fri, 24 Feb 2023 09:27:24 GMT] "POST /todo/assigntask HTTP/1.1" [200] 16 - "-"[ 226.705 ]
 ::1 -  [Fri, 24 Feb 2023 09:30:05 GMT] "POST /todo/assigntask HTTP/1.1" [400] 26 - "-"[ 123.668 ]
 ::1 -  [Fri, 24 Feb 2023 09:30:50 GMT] "POST /todo/assigntask HTTP/1.1" [200] 492 - "-"[ 130.764 ]
 ::1 -  [Fri, 24 Feb 2023 09:31:47 GMT] "POST /todo/assigntask HTTP/1.1" [200] 423 - "-"[ 164.495 ]
 ::1 -  [Fri, 24 Feb 2023 09:34:51 GMT] "POST /todo/assigntask HTTP/1.1" [200] 423 - "-"[ 122.291 ]
 ::1 -  [Fri, 24 Feb 2023 09:40:06 GMT] "POST /todo/assigntask HTTP/1.1" [400] 22 - "-"[ 7257.695 ]
 ::1 -  [Fri, 24 Feb 2023 09:41:38 GMT] "POST /todo/assigntask HTTP/1.1" [200] 700 - "-"[ 26170.869 ]
 ::1 -  [Fri, 24 Feb 2023 09:56:03 GMT] "POST /todo/assigntask HTTP/1.1" [200] 852 - "-"[ 18758.312 ]
 ::1 -  [Fri, 24 Feb 2023 09:57:58 GMT] "POST /user/signin HTTP/1.1" [200] 194 - "-"[ 257.021 ]
 ::1 -  [Fri, 24 Feb 2023 09:59:19 GMT] "GET /todo/getassignedtask HTTP/1.1" [404] 159 - "-"[ 3.768 ]
 ::1 -  [Fri, 24 Feb 2023 10:01:34 GMT] "GET /todo/getassignedtask HTTP/1.1" [-] - - "-"[ - ]
 ::1 -  [Fri, 24 Feb 2023 10:03:13 GMT] "GET /todo/getassignedtask HTTP/1.1" [200] 843 - "-"[ 165.912 ]
 ::1 -  [Fri, 24 Feb 2023 10:07:56 GMT] "OPTIONS /user/signin HTTP/1.1" [204] 0 - "http://localhost:3000/"[ 19.883 ]
 ::1 -  [Fri, 24 Feb 2023 10:07:57 GMT] "POST /user/signin HTTP/1.1" [400] 18 - "http://localhost:3000/"[ 855.762 ]
 ::1 -  [Fri, 24 Feb 2023 10:08:03 GMT] "OPTIONS /user/signin HTTP/1.1" [204] 0 - "http://localhost:3000/"[ 1.607 ]
 ::1 -  [Fri, 24 Feb 2023 10:08:03 GMT] "POST /user/signin HTTP/1.1" [200] 194 - "http://localhost:3000/"[ 336.312 ]
 ::1 -  [Fri, 24 Feb 2023 10:08:05 GMT] "GET /todo/getalltask HTTP/1.1" [200] 42 - "http://localhost:3000/"[ 218.892 ]
 ::1 -  [Fri, 24 Feb 2023 10:08:05 GMT] "GET /todo/getalltask HTTP/1.1" [304] - - "http://localhost:3000/"[ 132.833 ]
 ::1 -  [Fri, 24 Feb 2023 10:08:15 GMT] "OPTIONS /todo/create HTTP/1.1" [204] 0 - "http://localhost:3000/"[ 2.193 ]
 ::1 -  [Fri, 24 Feb 2023 10:08:15 GMT] "POST /todo/create HTTP/1.1" [200] 191 - "http://localhost:3000/"[ 199.444 ]
 ::1 -  [Fri, 24 Feb 2023 10:08:38 GMT] "OPTIONS /todo/updatetask/63f88c8f8e29bdbb1c1bc614 HTTP/1.1" [204] 0 - "http://localhost:3000/"[ 1.337 ]
 ::1 -  [Fri, 24 Feb 2023 10:08:38 GMT] "PUT /todo/updatetask/63f88c8f8e29bdbb1c1bc614 HTTP/1.1" [200] 200 - "http://localhost:3000/"[ 202.569 ]
 ::1 -  [Fri, 24 Feb 2023 10:08:59 GMT] "GET /todo/getalltask HTTP/1.1" [200] 173 - "http://localhost:3000/"[ 117.964 ]
 ::1 -  [Fri, 24 Feb 2023 10:09:00 GMT] "GET /todo/getalltask HTTP/1.1" [304] - - "http://localhost:3000/"[ 113.212 ]
 ::1 -  [Fri, 24 Feb 2023 10:09:01 GMT] "GET /todo/getalltask HTTP/1.1" [304] - - "http://localhost:3000/"[ 106.787 ]
 ::1 -  [Fri, 24 Feb 2023 10:09:01 GMT] "GET /todo/getalltask HTTP/1.1" [304] - - "http://localhost:3000/"[ 113.021 ]
 ::1 -  [Fri, 24 Feb 2023 10:21:55 GMT] "OPTIONS /user/signin HTTP/1.1" [204] 0 - "http://localhost:3000/"[ 19.233 ]
 ::1 -  [Fri, 24 Feb 2023 10:21:56 GMT] "POST /user/signin HTTP/1.1" [200] 194 - "http://localhost:3000/"[ 640.930 ]
 ::1 -  [Fri, 24 Feb 2023 10:21:57 GMT] "GET /todo/getalltask HTTP/1.1" [304] - - "http://localhost:3000/"[ 155.754 ]
 ::1 -  [Fri, 24 Feb 2023 10:21:58 GMT] "GET /todo/getalltask HTTP/1.1" [304] - - "http://localhost:3000/"[ 132.817 ]
 ::1 -  [Fri, 24 Feb 2023 10:22:07 GMT] "GET /todo/getalltask HTTP/1.1" [304] - - "http://localhost:3000/"[ 129.433 ]
 ::1 -  [Fri, 24 Feb 2023 10:22:07 GMT] "GET /todo/getalltask HTTP/1.1" [304] - - "http://localhost:3000/"[ 121.903 ]
 ::1 -  [Fri, 24 Feb 2023 10:24:12 GMT] "GET /todo/getalltask HTTP/1.1" [304] - - "http://localhost:3000/"[ 434.424 ]
 ::1 -  [Fri, 24 Feb 2023 10:24:12 GMT] "GET /todo/getalltask HTTP/1.1" [304] - - "http://localhost:3000/"[ 138.747 ]
 ::1 -  [Fri, 24 Feb 2023 10:24:13 GMT] "GET /todo/getalltask HTTP/1.1" [304] - - "http://localhost:3000/"[ 117.299 ]
 ::1 -  [Fri, 24 Feb 2023 10:24:13 GMT] "GET /todo/getalltask HTTP/1.1" [304] - - "http://localhost:3000/"[ 152.482 ]
 ::1 -  [Fri, 24 Feb 2023 10:24:53 GMT] "GET /todo/getalltask HTTP/1.1" [304] - - "http://localhost:3000/"[ 132.878 ]
 ::1 -  [Fri, 24 Feb 2023 10:24:53 GMT] "GET /todo/getalltask HTTP/1.1" [304] - - "http://localhost:3000/"[ 121.977 ]
 ::1 -  [Fri, 24 Feb 2023 10:24:55 GMT] "GET /todo/getalltask HTTP/1.1" [304] - - "http://localhost:3000/"[ 130.628 ]
 ::1 -  [Fri, 24 Feb 2023 10:24:55 GMT] "GET /todo/getalltask HTTP/1.1" [304] - - "http://localhost:3000/"[ 123.310 ]
 ::1 -  [Fri, 24 Feb 2023 10:24:57 GMT] "GET /todo/getalltask HTTP/1.1" [304] - - "http://localhost:3000/"[ 121.859 ]
 ::1 -  [Fri, 24 Feb 2023 10:24:57 GMT] "GET /todo/getalltask HTTP/1.1" [304] - - "http://localhost:3000/"[ 126.963 ]
 ::1 -  [Fri, 24 Feb 2023 11:28:58 GMT] "OPTIONS /user/signin HTTP/1.1" [204] 0 - "http://localhost:3000/"[ 21.628 ]
 ::1 -  [Fri, 24 Feb 2023 11:28:59 GMT] "POST /user/signin HTTP/1.1" [200] 194 - "http://localhost:3000/"[ 602.209 ]
 ::1 -  [Fri, 24 Feb 2023 11:29:00 GMT] "GET /todo/getalltask HTTP/1.1" [304] - - "http://localhost:3000/"[ 164.869 ]
 ::1 -  [Fri, 24 Feb 2023 11:29:00 GMT] "GET /todo/getalltask HTTP/1.1" [304] - - "http://localhost:3000/"[ 144.237 ]
 ::1 -  [Fri, 24 Feb 2023 11:29:04 GMT] "GET /todo/getassignedtask HTTP/1.1" [200] 843 - "http://localhost:3000/"[ 196.228 ]
 ::1 -  [Fri, 24 Feb 2023 11:29:05 GMT] "GET /todo/getassignedtask HTTP/1.1" [304] - - "http://localhost:3000/"[ 122.048 ]
 ::1 -  [Fri, 24 Feb 2023 11:31:33 GMT] "GET /todo/getassignedtask HTTP/1.1" [304] - - "http://localhost:3000/"[ 438.479 ]
 ::1 -  [Fri, 24 Feb 2023 11:36:01 GMT] "GET /todo/getassignedtask HTTP/1.1" [304] - - "http://localhost:3000/"[ 393.961 ]
 ::1 -  [Fri, 24 Feb 2023 11:36:18 GMT] "GET /todo/getassignedtask HTTP/1.1" [304] - - "http://localhost:3000/"[ 181.560 ]
 ::1 -  [Fri, 24 Feb 2023 11:36:31 GMT] "GET /todo/getassignedtask HTTP/1.1" [304] - - "http://localhost:3000/"[ 157.984 ]
 ::1 -  [Fri, 24 Feb 2023 11:37:02 GMT] "GET /todo/getassignedtask HTTP/1.1" [304] - - "http://localhost:3000/"[ 152.816 ]
 ::1 -  [Fri, 24 Feb 2023 11:49:36 GMT] "GET /todo/getalltask HTTP/1.1" [304] - - "http://localhost:3000/"[ 735.262 ]
 ::1 -  [Fri, 24 Feb 2023 11:49:36 GMT] "GET /todo/getalltask HTTP/1.1" [304] - - "http://localhost:3000/"[ 123.711 ]
 ::1 -  [Fri, 24 Feb 2023 11:49:37 GMT] "GET /todo/getassignedtask HTTP/1.1" [304] - - "http://localhost:3000/"[ 188.901 ]
 ::1 -  [Fri, 24 Feb 2023 11:49:37 GMT] "GET /todo/getassignedtask HTTP/1.1" [304] - - "http://localhost:3000/"[ 137.183 ]
 ::1 -  [Fri, 24 Feb 2023 11:55:22 GMT] "POST /user/login HTTP/1.1" [400] 20 - "-"[ 117.445 ]
 ::1 -  [Fri, 24 Feb 2023 11:55:38 GMT] "POST /user/signin HTTP/1.1" [200] 196 - "-"[ 237.557 ]
 ::1 -  [Fri, 24 Feb 2023 11:56:15 GMT] "POST /todo/assigntask HTTP/1.1" [200] 842 - "-"[ 18633.727 ]
 ::1 -  [Fri, 24 Feb 2023 11:56:29 GMT] "GET /todo/getalltask HTTP/1.1" [304] - - "http://localhost:3000/"[ 159.919 ]
 ::1 -  [Fri, 24 Feb 2023 11:56:29 GMT] "GET /todo/getalltask HTTP/1.1" [304] - - "http://localhost:3000/"[ 144.394 ]
 ::1 -  [Fri, 24 Feb 2023 11:56:31 GMT] "GET /todo/getassignedtask HTTP/1.1" [200] 1620 - "http://localhost:3000/"[ 129.583 ]
 ::1 -  [Fri, 24 Feb 2023 11:56:31 GMT] "GET /todo/getassignedtask HTTP/1.1" [304] - - "http://localhost:3000/"[ 123.932 ]
 ::1 -  [Fri, 24 Feb 2023 12:02:26 GMT] "GET /todo/getassignedtask HTTP/1.1" [304] - - "http://localhost:3000/"[ 490.401 ]
 ::1 -  [Fri, 24 Feb 2023 12:02:38 GMT] "GET /todo/getassignedtask HTTP/1.1" [304] - - "http://localhost:3000/"[ 130.320 ]
 ::1 -  [Fri, 24 Feb 2023 12:08:39 GMT] "GET /todo/getassignedtask HTTP/1.1" [304] - - "http://localhost:3000/"[ 325.537 ]
 ::1 -  [Fri, 24 Feb 2023 12:08:51 GMT] "GET /todo/getassignedtask HTTP/1.1" [304] - - "http://localhost:3000/"[ 161.003 ]
 ::1 -  [Fri, 24 Feb 2023 12:08:57 GMT] "GET /todo/getassignedtask HTTP/1.1" [304] - - "http://localhost:3000/"[ 140.674 ]
 ::1 -  [Fri, 24 Feb 2023 12:09:07 GMT] "GET /todo/getassignedtask HTTP/1.1" [304] - - "http://localhost:3000/"[ 134.115 ]
 ::1 -  [Fri, 24 Feb 2023 12:09:55 GMT] "GET /todo/getassignedtask HTTP/1.1" [304] - - "http://localhost:3000/"[ 195.583 ]
 ::1 -  [Fri, 24 Feb 2023 12:18:00 GMT] "GET /todo/getalltask HTTP/1.1" [304] - - "http://localhost:3000/"[ 807.033 ]
 ::1 -  [Fri, 24 Feb 2023 12:18:00 GMT] "GET /todo/getalltask HTTP/1.1" [304] - - "http://localhost:3000/"[ 108.484 ]
 ::1 -  [Fri, 24 Feb 2023 12:18:01 GMT] "GET /todo/getassignedtask HTTP/1.1" [304] - - "http://localhost:3000/"[ 217.483 ]
 ::1 -  [Fri, 24 Feb 2023 12:18:01 GMT] "GET /todo/getassignedtask HTTP/1.1" [304] - - "http://localhost:3000/"[ 108.097 ]
 ::1 -  [Fri, 24 Feb 2023 12:18:48 GMT] "GET /user/logout HTTP/1.1" [304] - - "http://localhost:3000/"[ 26.102 ]
 ::1 -  [Fri, 24 Feb 2023 12:19:10 GMT] "OPTIONS /user/signin HTTP/1.1" [204] 0 - "http://localhost:3000/"[ 6.368 ]
 ::1 -  [Fri, 24 Feb 2023 12:19:10 GMT] "POST /user/signin HTTP/1.1" [200] 196 - "http://localhost:3000/"[ 321.762 ]
 ::1 -  [Fri, 24 Feb 2023 12:19:12 GMT] "GET /todo/getalltask HTTP/1.1" [200] 42 - "http://localhost:3000/"[ 128.364 ]
 ::1 -  [Fri, 24 Feb 2023 12:19:12 GMT] "GET /todo/getalltask HTTP/1.1" [304] - - "http://localhost:3000/"[ 115.389 ]
 ::1 -  [Fri, 24 Feb 2023 12:19:17 GMT] "GET /todo/getassignedtask HTTP/1.1" [200] 57 - "http://localhost:3000/"[ 137.063 ]
 ::1 -  [Fri, 24 Feb 2023 12:19:17 GMT] "GET /todo/getassignedtask HTTP/1.1" [304] - - "http://localhost:3000/"[ 128.703 ]
 ::1 -  [Fri, 24 Feb 2023 12:19:19 GMT] "GET /todo/getalltask HTTP/1.1" [304] - - "http://localhost:3000/"[ 118.597 ]
 ::1 -  [Fri, 24 Feb 2023 12:19:19 GMT] "GET /todo/getalltask HTTP/1.1" [304] - - "http://localhost:3000/"[ 103.226 ]
 ::1 -  [Fri, 24 Feb 2023 12:19:20 GMT] "GET /todo/getassignedtask HTTP/1.1" [304] - - "http://localhost:3000/"[ 107.415 ]
 ::1 -  [Fri, 24 Feb 2023 12:19:20 GMT] "GET /todo/getassignedtask HTTP/1.1" [304] - - "http://localhost:3000/"[ 133.775 ]
 ::1 -  [Fri, 24 Feb 2023 12:19:23 GMT] "GET /todo/getalltask HTTP/1.1" [304] - - "http://localhost:3000/"[ 538.110 ]
 ::1 -  [Fri, 24 Feb 2023 12:19:24 GMT] "GET /todo/getalltask HTTP/1.1" [304] - - "http://localhost:3000/"[ 398.594 ]
 ::1 -  [Fri, 24 Feb 2023 12:19:24 GMT] "GET /todo/getassignedtask HTTP/1.1" [304] - - "http://localhost:3000/"[ 115.772 ]
 ::1 -  [Fri, 24 Feb 2023 12:19:24 GMT] "GET /todo/getassignedtask HTTP/1.1" [304] - - "http://localhost:3000/"[ 119.130 ]
 ::1 -  [Fri, 24 Feb 2023 12:19:28 GMT] "GET /todo/getalltask HTTP/1.1" [304] - - "http://localhost:3000/"[ 175.922 ]
 ::1 -  [Fri, 24 Feb 2023 12:19:28 GMT] "GET /todo/getalltask HTTP/1.1" [304] - - "http://localhost:3000/"[ 126.924 ]
 ::1 -  [Fri, 24 Feb 2023 12:19:32 GMT] "OPTIONS /todo/create HTTP/1.1" [204] 0 - "http://localhost:3000/"[ 2.043 ]
 ::1 -  [Fri, 24 Feb 2023 12:19:33 GMT] "POST /todo/create HTTP/1.1" [200] 194 - "http://localhost:3000/"[ 160.322 ]
 ::1 -  [Fri, 24 Feb 2023 12:19:54 GMT] "GET /todo/getassignedtask HTTP/1.1" [304] - - "http://localhost:3000/"[ 175.348 ]
 ::1 -  [Fri, 24 Feb 2023 12:19:54 GMT] "GET /todo/getassignedtask HTTP/1.1" [304] - - "http://localhost:3000/"[ 130.084 ]
 ::1 -  [Fri, 24 Feb 2023 12:20:35 GMT] "GET /todo/getalltask HTTP/1.1" [200] 174 - "http://localhost:3000/"[ 393.553 ]
 ::1 -  [Fri, 24 Feb 2023 12:20:35 GMT] "GET /todo/getalltask HTTP/1.1" [304] - - "http://localhost:3000/"[ 102.178 ]
 ::1 -  [Fri, 24 Feb 2023 12:20:38 GMT] "GET /user/logout HTTP/1.1" [304] - - "http://localhost:3000/"[ 12.193 ]
 ::1 -  [Fri, 24 Feb 2023 12:20:43 GMT] "OPTIONS /user/signin HTTP/1.1" [204] 0 - "http://localhost:3000/"[ 0.911 ]
 ::1 -  [Fri, 24 Feb 2023 12:20:43 GMT] "POST /user/signin HTTP/1.1" [200] 194 - "http://localhost:3000/"[ 253.461 ]
 ::1 -  [Fri, 24 Feb 2023 12:20:45 GMT] "GET /todo/getalltask HTTP/1.1" [200] 173 - "http://localhost:3000/"[ 130.717 ]
 ::1 -  [Fri, 24 Feb 2023 12:20:45 GMT] "GET /todo/getalltask HTTP/1.1" [304] - - "http://localhost:3000/"[ 112.946 ]
 ::1 -  [Fri, 24 Feb 2023 12:20:46 GMT] "GET /todo/getassignedtask HTTP/1.1" [200] 1620 - "http://localhost:3000/"[ 135.423 ]
 ::1 -  [Fri, 24 Feb 2023 12:20:46 GMT] "GET /todo/getassignedtask HTTP/1.1" [304] - - "http://localhost:3000/"[ 118.269 ]
 ::1 -  [Fri, 24 Feb 2023 12:56:30 GMT] "OPTIONS /user/signin HTTP/1.1" [204] 0 - "http://localhost:3000/"[ 37.467 ]
 ::1 -  [Fri, 24 Feb 2023 12:56:31 GMT] "POST /user/signin HTTP/1.1" [200] 194 - "http://localhost:3000/"[ 623.909 ]
 ::1 -  [Fri, 24 Feb 2023 12:56:32 GMT] "GET /todo/getalltask HTTP/1.1" [304] - - "http://localhost:3000/"[ 192.799 ]
 ::1 -  [Fri, 24 Feb 2023 12:56:32 GMT] "GET /todo/getalltask HTTP/1.1" [304] - - "http://localhost:3000/"[ 99.963 ]
 ::1 -  [Fri, 24 Feb 2023 12:56:33 GMT] "GET /todo/getassignedtask HTTP/1.1" [304] - - "http://localhost:3000/"[ 159.205 ]
 ::1 -  [Fri, 24 Feb 2023 12:56:34 GMT] "GET /todo/getassignedtask HTTP/1.1" [304] - - "http://localhost:3000/"[ 133.197 ]
 ::1 -  [Fri, 24 Feb 2023 15:57:08 GMT] "OPTIONS /user/signin HTTP/1.1" [204] 0 - "http://localhost:3000/"[ 8.332 ]
 ::1 -  [Fri, 24 Feb 2023 15:57:08 GMT] "POST /user/signin HTTP/1.1" [200] 194 - "http://localhost:3000/"[ 419.043 ]
 ::1 -  [Fri, 24 Feb 2023 15:57:10 GMT] "GET /todo/getalltask HTTP/1.1" [304] - - "http://localhost:3000/"[ 275.129 ]
 ::1 -  [Fri, 24 Feb 2023 15:57:10 GMT] "GET /todo/getalltask HTTP/1.1" [304] - - "http://localhost:3000/"[ 346.782 ]
 ::1 -  [Fri, 24 Feb 2023 15:57:12 GMT] "GET /todo/getassignedtask HTTP/1.1" [304] - - "http://localhost:3000/"[ 172.480 ]
 ::1 -  [Fri, 24 Feb 2023 15:57:12 GMT] "GET /todo/getassignedtask HTTP/1.1" [304] - - "http://localhost:3000/"[ 331.994 ]
 ::1 -  [Fri, 24 Feb 2023 15:59:09 GMT] "GET /todo/getalltask HTTP/1.1" [304] - - "http://localhost:3000/"[ 316.585 ]
 ::1 -  [Fri, 24 Feb 2023 15:59:10 GMT] "GET /todo/getalltask HTTP/1.1" [304] - - "http://localhost:3000/"[ 428.892 ]
 ::1 -  [Fri, 24 Feb 2023 15:59:14 GMT] "GET /user/logout HTTP/1.1" [304] - - "http://localhost:3000/"[ 1.504 ]
 ::1 -  [Fri, 24 Feb 2023 15:59:38 GMT] "OPTIONS /user/signin HTTP/1.1" [204] 0 - "http://localhost:3000/"[ 0.512 ]
 ::1 -  [Fri, 24 Feb 2023 15:59:38 GMT] "POST /user/signin HTTP/1.1" [200] 194 - "http://localhost:3000/"[ 434.908 ]
 ::1 -  [Fri, 24 Feb 2023 15:59:40 GMT] "GET /todo/getalltask HTTP/1.1" [304] - - "http://localhost:3000/"[ 319.020 ]
 ::1 -  [Fri, 24 Feb 2023 15:59:40 GMT] "GET /todo/getalltask HTTP/1.1" [304] - - "http://localhost:3000/"[ 289.027 ]
 ::1 -  [Fri, 24 Feb 2023 16:00:12 GMT] "OPTIONS /user/signin HTTP/1.1" [204] 0 - "http://localhost:3000/"[ 0.425 ]
 ::1 -  [Fri, 24 Feb 2023 16:00:13 GMT] "POST /user/signin HTTP/1.1" [200] 194 - "http://localhost:3000/"[ 264.044 ]
 ::1 -  [Fri, 24 Feb 2023 16:00:14 GMT] "GET /todo/getalltask HTTP/1.1" [304] - - "http://localhost:3000/"[ 299.715 ]
 ::1 -  [Fri, 24 Feb 2023 16:00:14 GMT] "GET /todo/getalltask HTTP/1.1" [304] - - "http://localhost:3000/"[ 378.569 ]
 ::1 -  [Fri, 24 Feb 2023 16:01:14 GMT] "GET /user/logout HTTP/1.1" [304] - - "http://localhost:3000/"[ 4.941 ]
 ::1 -  [Fri, 24 Feb 2023 16:01:20 GMT] "OPTIONS /user/signin HTTP/1.1" [204] 0 - "http://localhost:3000/"[ 0.958 ]
 ::1 -  [Fri, 24 Feb 2023 16:01:20 GMT] "POST /user/signin HTTP/1.1" [200] 196 - "http://localhost:3000/"[ 342.729 ]
 ::1 -  [Fri, 24 Feb 2023 16:01:21 GMT] "GET /todo/getalltask HTTP/1.1" [200] 174 - "http://localhost:3000/"[ 446.729 ]
 ::1 -  [Fri, 24 Feb 2023 16:01:22 GMT] "GET /todo/getalltask HTTP/1.1" [304] - - "http://localhost:3000/"[ 300.345 ]
 ::1 -  [Fri, 24 Feb 2023 16:01:23 GMT] "GET /todo/getassignedtask HTTP/1.1" [200] 57 - "http://localhost:3000/"[ 334.571 ]
 ::1 -  [Fri, 24 Feb 2023 16:01:23 GMT] "GET /todo/getassignedtask HTTP/1.1" [304] - - "http://localhost:3000/"[ 417.737 ]
 ::1 -  [Fri, 24 Feb 2023 16:01:24 GMT] "GET /todo/getalltask HTTP/1.1" [304] - - "http://localhost:3000/"[ 276.270 ]
 ::1 -  [Fri, 24 Feb 2023 16:01:25 GMT] "GET /todo/getalltask HTTP/1.1" [304] - - "http://localhost:3000/"[ 506.674 ]
